2025-03-11 12:45:42,134 - INFO - График '(фона)' удалён с вкладки Beta chart.
2025-03-11 12:45:42,134 - INFO - Данные фона из файла 'Спектр фона 00098 порог 22.xls' сохранены, длина: 1024
2025-03-11 12:45:42,134 - INFO - fon_И (от NUD_b=10 до VUD_b=200): 0.054
2025-03-11 12:45:42,180 - INFO - Фоновый график уже обработан, пропускаем.
2025-03-11 12:45:44,123 - INFO - Данные SrY90 из файла 'Спектр SrY90 00098 порог 22.xls', длина: 1024
2025-03-11 12:45:44,124 - INFO - Активность A_sry90 (от NUD_b=10 до VUD_b=200): 92.467
2025-03-11 12:45:44,125 - INFO - Данные SrY90 из файла 'Спектр SrY90 00098 порог 22.xls', длина: 1024
2025-03-11 12:45:44,126 - INFO - Активность A_sry90 (от NUD_b=10 до VUD_b=200): 92.467
2025-03-11 12:45:49,355 - INFO - Данные Cs137 из файла 'Спектр Cs137 00098 порог 22.xls', длина: 1024
2025-03-11 12:45:49,356 - INFO - Активность A_cs137 (от NUD_b=10 до VUD_b=200): 377.057
2025-03-11 12:45:49,357 - INFO - Данные Cs137 из файла 'Спектр Cs137 00098 порог 22.xls', длина: 1024
2025-03-11 12:45:49,357 - INFO - Активность A_cs137 (от NUD_b=10 до VUD_b=200): 377.057
2025-03-11 12:45:51,483 - INFO - Данные C14 из файла 'Спектр C14 00098 порог 22.xls', длина: 1024
2025-03-11 12:45:51,483 - INFO - Активность A_c14 (от NUD_b=10 до VUD_b=200): 37.210
2025-03-11 12:45:55,612 - WARNING - Пик C14 не найден.
2025-03-11 12:45:55,614 - INFO - Данные C14 из файла 'Спектр C14 00098 порог 22.xls', длина: 1024
2025-03-11 12:45:55,614 - INFO - Активность A_c14 (от NUD_b=10 до VUD_b=200): 37.210
2025-03-11 12:45:57,255 - WARNING - Пик C14 не найден.
2025-03-11 12:46:00,235 - INFO - Данные Am241 из файла 'Спектр Am241 00098 порог 22.xls', длина: 1024
2025-03-11 12:46:00,235 - INFO - Активность A_am241 (от NUD_b=10 до VUD_b=200): 1.360
2025-03-11 12:46:00,237 - INFO - Данные Am241 из файла 'Спектр Am241 00098 порог 22.xls', длина: 1024
2025-03-11 12:46:00,237 - INFO - Активность A_am241 (от NUD_b=10 до VUD_b=200): 1.360
2025-03-11 12:59:17,706 - INFO - График '(фона)' удалён с вкладки Beta chart.
2025-03-11 12:59:17,706 - INFO - Данные фона из файла 'Спектр фона 00098 порог 22.xls' сохранены, длина: 1024
2025-03-11 12:59:17,706 - INFO - fon_И (от NUD_b=10 до VUD_b=200): 0.054
2025-03-11 12:59:17,754 - INFO - Фоновый график уже обработан, пропускаем.
2025-03-11 12:59:19,783 - INFO - Данные SrY90 из файла 'Спектр SrY90 00098 порог 22.xls', длина: 1024
2025-03-11 12:59:19,783 - INFO - Активность A_sry90 (от NUD_b=10 до VUD_b=200): 92.467
2025-03-11 12:59:23,751 - INFO - Данные Cs137 из файла 'Спектр Cs137 00098 порог 22.xls', длина: 1024
2025-03-11 12:59:23,751 - INFO - Активность A_cs137 (от NUD_b=10 до VUD_b=200): 377.057
2025-03-11 12:59:26,757 - INFO - Данные C14 из файла 'Спектр C14 00098 порог 22.xls', длина: 1024
2025-03-11 12:59:26,757 - INFO - Активность A_c14 (от NUD_b=10 до VUD_b=200): 37.210
2025-03-11 12:59:28,116 - WARNING - Пик C14 не найден.
2025-03-11 12:59:30,663 - INFO - Данные Am241 из файла 'Спектр Am241 00098 порог 22.xls', длина: 1024
2025-03-11 12:59:30,663 - INFO - Активность A_am241 (от NUD_b=10 до VUD_b=200): 1.360
2025-03-11 13:02:15,305 - INFO - Данные Am241 из файла 'Спектр Am241 00098 порог 22.xls', длина: 1024
2025-03-11 13:02:19,027 - ERROR - Недостаточно данных для am241.
2025-03-11 13:02:27,116 - INFO - График '(фона)' удалён с вкладки Beta chart.
2025-03-11 13:02:27,116 - INFO - Данные фона из файла 'Спектр фона 00098 порог 22.xls' сохранены, длина: 1024
2025-03-11 13:02:27,116 - INFO - fon_И (от NUD_b=10 до VUD_b=200): 0.054
2025-03-11 13:02:27,163 - INFO - Фоновый график уже обработан, пропускаем.
2025-03-11 13:02:29,679 - INFO - Данные SrY90 из файла 'Спектр SrY90 00098 порог 22.xls', длина: 1024
2025-03-11 13:02:29,680 - INFO - Активность A_sry90 (от NUD_b=10 до VUD_b=200): 92.467
2025-03-11 13:02:37,415 - INFO - Данные Cs137 из файла 'Спектр Cs137 00098 порог 22.xls', длина: 1024
2025-03-11 13:02:37,415 - INFO - Активность A_cs137 (от NUD_b=10 до VUD_b=200): 377.057
2025-03-11 13:02:43,630 - INFO - Данные C14 из файла 'Спектр C14 00098 порог 22.xls', длина: 1024
2025-03-11 13:02:43,630 - INFO - Активность A_c14 (от NUD_b=10 до VUD_b=200): 37.210
2025-03-11 13:02:44,867 - WARNING - Пик C14 не найден.
2025-03-11 13:13:13,814 - INFO - Данные C14 из файла 'Спектр C14 00098 порог 22.xls', длина: 1024
2025-03-11 13:13:20,773 - ERROR - Недостаточно данных для c14.
2025-03-11 13:13:24,643 - ERROR - Нет данных для вычисления пика C14.
2025-03-11 13:15:00,661 - INFO - Данные C14 из файла 'Спектр C14 00098 порог 22.xls', длина: 1024
2025-03-11 13:15:11,934 - ERROR - Недостаточно данных для c14.
2025-03-11 13:15:12,660 - ERROR - Нет данных для вычисления пика C14.
2025-03-11 13:15:44,330 - INFO - График '(фона)' удалён с вкладки Beta chart.
2025-03-11 13:15:44,330 - INFO - Данные фона из файла 'Спектр фона 00098 порог 22.xls' сохранены, длина: 1024
2025-03-11 13:15:44,330 - INFO - fon_И (от NUD_b=10 до VUD_b=200): 0.054
2025-03-11 13:15:44,376 - INFO - Фоновый график уже обработан, пропускаем.
2025-03-11 13:15:46,849 - INFO - Данные C14 из файла 'Спектр C14 00098 порог 22.xls', длина: 1024
2025-03-11 13:15:46,849 - INFO - Активность A_c14 (от NUD_b=10 до VUD_b=200): 37.210
2025-03-11 13:15:49,035 - WARNING - Пик C14 не найден.
2025-03-11 13:22:22,911 - INFO - Данные C14 из файла 'Спектр C14 00098 порог 22.xls', длина: 1024
2025-03-11 13:22:24,892 - ERROR - Недостаточно данных для c14.
2025-03-11 13:22:26,125 - ERROR - Нет данных для вычисления пика C14.
2025-03-11 13:22:33,881 - INFO - График '(фона)' удалён с вкладки Beta chart.
2025-03-11 13:22:33,881 - INFO - Данные фона из файла 'Спектр фона 00098 порог 22.xls' сохранены, длина: 1024
2025-03-11 13:22:33,881 - INFO - fon_И (от NUD_b=10 до VUD_b=200): 0.054
2025-03-11 13:22:33,927 - INFO - Фоновый график уже обработан, пропускаем.
2025-03-11 13:22:36,861 - INFO - Данные C14 из файла 'Спектр C14 00098 порог 22.xls', длина: 1024
2025-03-11 13:22:36,861 - INFO - Активность A_c14 (от NUD_b=10 до VUD_b=200): 37.210
2025-03-11 13:22:38,103 - WARNING - Пик C14 не найден.
2025-03-11 13:24:11,797 - INFO - График '(фона)' удалён с вкладки Beta chart.
2025-03-11 13:24:11,797 - INFO - Данные фона из файла 'Спектр фона 00098 порог 22.xls' сохранены, длина: 1024
2025-03-11 13:24:11,797 - INFO - fon_И (от NUD_b=10 до VUD_b=200): 0.054
2025-03-11 13:24:11,845 - INFO - Фоновый график уже обработан, пропускаем.
2025-03-11 13:24:14,945 - INFO - Данные C14 из файла 'Спектр C14 00098 порог 22.xls', длина: 1024
2025-03-11 13:24:14,945 - INFO - Активность A_c14 (от NUD_b=10 до VUD_b=200): 37.210
2025-03-11 13:24:16,243 - WARNING - Пик C14 не найден.
2025-03-11 13:30:02,846 - INFO - Данные C14 из файла 'Спектр C14 00098 порог 22.xls', длина: 1024
2025-03-11 13:30:07,389 - ERROR - Недостаточно данных для c14.
2025-03-11 13:30:12,647 - INFO - График '(фона)' удалён с вкладки Beta chart.
2025-03-11 13:30:12,647 - INFO - Данные фона из файла 'Спектр фона 00098 порог 22.xls' сохранены, длина: 1024
2025-03-11 13:30:12,647 - INFO - fon_И (от NUD_b=10 до VUD_b=200): 0.054
2025-03-11 13:30:12,694 - INFO - Фоновый график уже обработан, пропускаем.
